TN:
SF:src\Application\UseCases\CreateAppointment.ts
FN:7,(anonymous_1)
FN:12,(anonymous_2)
FNF:2
FNH:2
FNDA:2,(anonymous_1)
FNDA:2,(anonymous_2)
DA:4,2
DA:6,2
DA:8,2
DA:9,2
DA:13,2
DA:14,2
DA:23,2
DA:24,2
DA:26,2
LF:9
LH:9
BRF:0
BRH:0
end_of_record
TN:
SF:src\Application\UseCases\ListAppointments.ts
FN:5,(anonymous_0)
FN:7,(anonymous_1)
FNF:2
FNH:2
FNDA:2,(anonymous_0)
FNDA:2,(anonymous_1)
DA:4,2
DA:5,2
DA:8,2
LF:3
LH:3
BRF:0
BRH:0
end_of_record
TN:
SF:src\Infrastructure\DynamoDb\DynamoAppointmentRepository.ts
FN:13,(anonymous_1)
FN:18,(anonymous_2)
FN:33,(anonymous_3)
FN:35,(anonymous_4)
FNF:4
FNH:0
FNDA:0,(anonymous_1)
FNDA:0,(anonymous_2)
FNDA:0,(anonymous_3)
FNDA:0,(anonymous_4)
DA:1,0
DA:5,0
DA:6,0
DA:8,0
DA:10,0
DA:12,0
DA:14,0
DA:15,0
DA:19,0
DA:20,0
DA:21,0
DA:22,0
DA:24,0
DA:34,0
DA:35,0
DA:37,0
DA:43,0
LF:17
LH:0
BRDA:6,0,0,0
BRDA:6,0,1,0
BRDA:14,1,0,0
BRDA:14,1,1,0
BRDA:19,2,0,0
BRDA:19,2,1,0
BRDA:21,3,0,0
BRDA:21,3,1,0
BRDA:34,4,0,0
BRDA:34,4,1,0
BRDA:43,5,0,0
BRDA:43,5,1,0
BRF:12
BRH:0
end_of_record
TN:
SF:src\Infrastructure\MySql\MysqlAppointmentWriter.ts
FN:13,writeAudit
FNF:1
FNH:0
FNDA:0,writeAudit
DA:1,0
DA:13,0
DA:14,0
DA:15,0
LF:4
LH:0
BRDA:26,0,0,0
BRDA:26,0,1,0
BRF:2
BRH:0
end_of_record
TN:
SF:src\Infrastructure\MySql\connection-env.ts
FN:6,buildPoolFromEnv
FN:26,getPoolByCountry
FNF:2
FNH:0
FNDA:0,buildPoolFromEnv
FNDA:0,getPoolByCountry
DA:1,0
DA:3,0
DA:4,0
DA:7,0
DA:8,0
DA:9,0
DA:10,0
DA:11,0
DA:13,0
DA:14,0
DA:17,0
DA:26,0
DA:27,0
DA:28,0
DA:29,0
DA:31,0
DA:32,0
LF:17
LH:0
BRDA:8,0,0,0
BRDA:8,0,1,0
BRDA:13,1,0,0
BRDA:13,1,1,0
BRDA:13,2,0,0
BRDA:13,2,1,0
BRDA:13,2,2,0
BRDA:13,2,3,0
BRDA:27,3,0,0
BRDA:27,3,1,0
BRDA:28,4,0,0
BRDA:28,4,1,0
BRDA:31,5,0,0
BRDA:31,5,1,0
BRF:14
BRH:0
end_of_record
TN:
SF:src\Infrastructure\Sns\SnsEventBus.ts
FN:7,(anonymous_1)
FN:10,(anonymous_2)
FN:19,(anonymous_3)
FNF:3
FNH:0
FNDA:0,(anonymous_1)
FNDA:0,(anonymous_2)
FNDA:0,(anonymous_3)
DA:1,0
DA:4,0
DA:5,0
DA:7,0
DA:8,0
DA:11,0
DA:12,0
DA:13,0
DA:15,0
DA:17,0
DA:19,0
DA:26,0
LF:12
LH:0
BRDA:11,0,0,0
BRDA:11,0,1,0
BRDA:15,1,0,0
BRDA:15,1,1,0
BRDA:17,2,0,0
BRDA:17,2,1,0
BRF:6
BRH:0
end_of_record
TN:
SF:src\Interfaces\Http\appointment.ts
FN:17,(anonymous_0)
FNF:1
FNH:1
FNDA:3,(anonymous_0)
DA:3,1
DA:4,1
DA:5,1
DA:6,1
DA:7,1
DA:8,1
DA:10,1
DA:11,1
DA:13,1
DA:14,1
DA:17,1
DA:18,3
DA:20,3
DA:21,1
DA:22,1
DA:23,1
DA:24,1
DA:26,1
DA:27,0
DA:28,0
DA:31,1
DA:32,1
DA:34,1
DA:38,2
DA:39,2
DA:41,2
DA:42,1
DA:43,1
DA:44,1
DA:45,1
DA:48,1
DA:49,1
DA:50,1
DA:51,1
DA:52,1
DA:55,0
DA:59,0
DA:62,0
DA:63,0
LF:39
LH:33
BRDA:20,0,0,1
BRDA:20,0,1,2
BRDA:23,1,0,1
BRDA:23,1,1,0
BRDA:23,1,2,0
BRDA:24,2,0,0
BRDA:24,2,1,1
BRDA:26,3,0,0
BRDA:26,3,1,1
BRDA:38,4,0,2
BRDA:38,4,1,0
BRDA:41,5,0,1
BRDA:41,5,1,1
BRDA:42,6,0,1
BRDA:42,6,1,0
BRDA:48,7,0,1
BRDA:48,7,1,0
BRDA:50,8,0,0
BRDA:50,8,1,1
BRDA:63,9,0,0
BRDA:63,9,1,0
BRF:21
BRH:11
end_of_record
TN:
SF:src\Interfaces\Http\docs.ts
FN:4,(anonymous_1)
FNF:1
FNH:0
FNDA:0,(anonymous_1)
DA:2,0
DA:4,0
LF:2
LH:0
BRF:0
BRH:0
end_of_record
TN:
SF:src\Interfaces\Workers\appointment_cl.ts
FN:7,(anonymous_1)
FNF:1
FNH:0
FNDA:0,(anonymous_1)
DA:2,0
DA:3,0
DA:5,0
DA:7,0
DA:8,0
DA:9,0
DA:10,0
DA:12,0
DA:14,0
DA:24,0
DA:33,0
LF:11
LH:0
BRDA:10,0,0,0
BRDA:10,0,1,0
BRDA:29,1,0,0
BRDA:29,1,1,0
BRF:4
BRH:0
end_of_record
TN:
SF:src\Interfaces\Workers\appointment_pe.ts
FN:7,(anonymous_1)
FNF:1
FNH:0
FNDA:0,(anonymous_1)
DA:2,0
DA:3,0
DA:5,0
DA:7,0
DA:8,0
DA:9,0
DA:10,0
DA:12,0
DA:14,0
DA:25,0
DA:34,0
LF:11
LH:0
BRDA:10,0,0,0
BRDA:10,0,1,0
BRDA:30,1,0,0
BRDA:30,1,1,0
BRF:4
BRH:0
end_of_record
TN:
SF:src\Utils\Response.ts
FN:1,(anonymous_0)
FN:5,(anonymous_1)
FNF:2
FNH:2
FNDA:5,(anonymous_0)
FNDA:2,(anonymous_1)
DA:1,5
DA:5,2
LF:2
LH:2
BRDA:1,0,0,3
BRDA:5,1,0,1
BRF:2
BRH:2
end_of_record
TN:
SF:src\Utils\Validate.ts
FN:3,validateCreate
FNF:1
FNH:1
FNDA:5,validateCreate
DA:3,2
DA:4,5
DA:5,5
DA:7,5
DA:8,1
DA:10,4
DA:11,1
DA:13,3
DA:14,1
LF:9
LH:9
BRDA:4,0,0,0
BRDA:4,0,1,5
BRDA:7,1,0,1
BRDA:7,1,1,4
BRDA:7,2,0,5
BRDA:7,2,1,5
BRDA:10,3,0,1
BRDA:10,3,1,3
BRDA:10,4,0,4
BRDA:10,4,1,3
BRDA:13,5,0,1
BRDA:13,5,1,2
BRDA:13,6,0,3
BRDA:13,6,1,1
BRF:14
BRH:13
end_of_record
